0 info it worked if it ends with ok
1 verbose cli [
1 verbose cli   'C:\\Program Files\\nodejs\\node.exe',
1 verbose cli   'C:\\Program Files\\nodejs\\node_modules\\npm\\bin\\npm-cli.js',
1 verbose cli   'install'
1 verbose cli ]
2 info using npm@3.10.10
3 info using node@v18.17.0
4 verbose config Skipping project config: C:\Users\srira/.npmrc. (matches userconfig)
5 silly loadCurrentTree Starting
6 silly install loadCurrentTree
7 silly install readLocalPackageData
8 verbose stack TypeError: cb.apply is not a function
8 verbose stack     at C:\Users\srira\AppData\Roaming\nvm\v18.17.0\node_modules\npm\node_modules\graceful-fs\polyfills.js:267:18
8 verbose stack     at FSReqCallback.oncomplete (node:fs:211:5)
9 verbose cwd C:\Users\srira\OneDrive\dt3\project
10 error Windows_NT 10.0.26100
11 error argv "C:\\Program Files\\nodejs\\node.exe" "C:\\Program Files\\nodejs\\node_modules\\npm\\bin\\npm-cli.js" "install"
12 error node v18.17.0
13 error npm  v3.10.10
14 error cb.apply is not a function
15 error If you need help, you may report this error at:
15 error     <https://github.com/npm/npm/issues>
16 verbose exit [ 1, true ]
